<?xml version="1.0" encoding="UTF-8"?>
<!-- Generated by org.testng.reporters.JUnitXMLReporter -->
<testsuite ignored="0" hostname="DESKTOP-GE6LMT5" failures="0" tests="5" name="Default test" time="595.744" errors="0" timestamp="2025-06-10T22:31:35 IST">
  <testcase classname="Tests.HotstarPlayerScreenOutputs" name="jioHotstarPlayreResult" time="118.177"/>
  <testcase classname="Tests.HotstarPlayerScreenOutputs" name="jioHotstarPlayreResult" time="120.3"/>
  <testcase classname="Tests.HotstarPlayerScreenOutputs" name="jioHotstarPlayreResult" time="112.129"/>
  <testcase classname="Tests.HotstarPlayerScreenOutputs" name="jioHotstarPlayreResult" time="111.829"/>
  <testcase classname="Tests.HotstarPlayerScreenOutputs" name="jioHotstarPlayreResult" time="119.28"/>
</testsuite> <!-- Default test -->
