<?xml version="1.0" encoding="UTF-8"?>
<!-- Generated by org.testng.reporters.JUnitXMLReporter -->
<testsuite ignored="0" hostname="DESKTOP-GE6LMT5" failures="1" tests="7" name="Test" time="459.393" errors="0" timestamp="2025-06-18T13:20:19 IST">
  <testcase classname="Tests.HotstarPlayerScreenOutputs" name="jioHotstarPlayreResult" time="80.55"/>
  <testcase classname="Tests.HotstarPlayerScreenOutputs" name="jioHotstarPlayreResult" time="67.617"/>
  <testcase classname="Tests.HotstarPlayerScreenOutputs" name="jioHotstarPlayreResult" time="74.719"/>
  <testcase classname="Tests.HotstarPlayerScreenOutputs" name="jioHotstarPlayreResult" time="66.911"/>
  <testcase classname="Tests.HotstarPlayerScreenOutputs" name="jioHotstarPlayreResult" time="71.102"/>
  <testcase classname="Tests.HotstarPlayerScreenOutputs" name="jioHotstarPlayreResult" time="67.921"/>
  <testcase classname="Tests.HotstarPlayerScreenOutputs" name="adScreen" time="4.102">
    <failure type="java.lang.AssertionError" message="Unable to search the content expected [false] but found [true]">
      <![CDATA[java.lang.AssertionError: Unable to search the content expected [false] but found [true]
at Tests.HotstarPlayerScreenOutputs.adScreen(HotstarPlayerScreenOutputs.java:88)
at java.base/java.util.ArrayList.forEach(ArrayList.java:1540)
... Removed 30 stack frames]]>
    </failure>
  </testcase> <!-- adScreen -->
</testsuite> <!-- Test -->
