<?xml version="1.0" encoding="UTF-8"?>
<testng-results ignored="0" total="7" passed="6" failed="1" skipped="0">
  <reporter-output>
  </reporter-output>
  <suite started-at="2025-06-18T13:12:39 IST" name="AllAppsTest" finished-at="2025-06-18T13:20:18 IST" duration-ms="459393">
    <groups>
    </groups>
    <test started-at="2025-06-18T13:12:39 IST" name="Test" finished-at="2025-06-18T13:20:18 IST" duration-ms="459393">
      <class name="Tests.HotstarPlayerScreenOutputs">
        <test-method is-config="true" signature="configTest()[pri:0, instance:Tests.HotstarPlayerScreenOutputs@41d426b5]" started-at="2025-06-18T13:12:27 IST" name="configTest" finished-at="2025-06-18T13:12:39 IST" duration-ms="12237" status="PASS">
          <reporter-output>
          </reporter-output>
        </test-method> <!-- configTest -->
        <test-method is-config="true" signature="setUp()[pri:0, instance:Tests.HotstarPlayerScreenOutputs@41d426b5]" started-at="2025-06-18T13:12:39 IST" name="setUp" finished-at="2025-06-18T13:13:02 IST" duration-ms="23090" status="PASS">
          <reporter-output>
          </reporter-output>
        </test-method> <!-- setUp -->
        <test-method signature="jioHotstarPlayreResult(java.lang.String)[pri:1, instance:Tests.HotstarPlayerScreenOutputs@41d426b5]" started-at="2025-06-18T13:13:02 IST" name="jioHotstarPlayreResult" description="Playing multiple contents" data-provider="hotstarContentName" finished-at="2025-06-18T13:14:23 IST" duration-ms="80550" status="PASS">
          <params>
            <param index="0">
              <value>
                <![CDATA[subham]]>
              </value>
            </param>
          </params>
          <reporter-output>
          </reporter-output>
        </test-method> <!-- jioHotstarPlayreResult -->
        <test-method signature="jioHotstarPlayreResult(java.lang.String)[pri:1, instance:Tests.HotstarPlayerScreenOutputs@41d426b5]" started-at="2025-06-18T13:14:23 IST" name="jioHotstarPlayreResult" description="Playing multiple contents" data-provider="hotstarContentName" finished-at="2025-06-18T13:15:30 IST" duration-ms="67617" status="PASS">
          <params>
            <param index="0">
              <value>
                <![CDATA[Salaar]]>
              </value>
            </param>
          </params>
          <reporter-output>
          </reporter-output>
        </test-method> <!-- jioHotstarPlayreResult -->
        <test-method signature="jioHotstarPlayreResult(java.lang.String)[pri:1, instance:Tests.HotstarPlayerScreenOutputs@41d426b5]" started-at="2025-06-18T13:15:30 IST" name="jioHotstarPlayreResult" description="Playing multiple contents" data-provider="hotstarContentName" finished-at="2025-06-18T13:16:45 IST" duration-ms="74719" status="PASS">
          <params>
            <param index="0">
              <value>
                <![CDATA[Bhagavanth Kesari]]>
              </value>
            </param>
          </params>
          <reporter-output>
          </reporter-output>
        </test-method> <!-- jioHotstarPlayreResult -->
        <test-method signature="jioHotstarPlayreResult(java.lang.String)[pri:1, instance:Tests.HotstarPlayerScreenOutputs@41d426b5]" started-at="2025-06-18T13:16:45 IST" name="jioHotstarPlayreResult" description="Playing multiple contents" data-provider="hotstarContentName" finished-at="2025-06-18T13:17:52 IST" duration-ms="66911" status="PASS">
          <params>
            <param index="0">
              <value>
                <![CDATA[Captain America Brave new world]]>
              </value>
            </param>
          </params>
          <reporter-output>
          </reporter-output>
        </test-method> <!-- jioHotstarPlayreResult -->
        <test-method signature="jioHotstarPlayreResult(java.lang.String)[pri:1, instance:Tests.HotstarPlayerScreenOutputs@41d426b5]" started-at="2025-06-18T13:17:52 IST" name="jioHotstarPlayreResult" description="Playing multiple contents" data-provider="hotstarContentName" finished-at="2025-06-18T13:19:03 IST" duration-ms="71102" status="PASS">
          <params>
            <param index="0">
              <value>
                <![CDATA[Tough me not]]>
              </value>
            </param>
          </params>
          <reporter-output>
          </reporter-output>
        </test-method> <!-- jioHotstarPlayreResult -->
        <test-method signature="jioHotstarPlayreResult(java.lang.String)[pri:1, instance:Tests.HotstarPlayerScreenOutputs@41d426b5]" started-at="2025-06-18T13:19:03 IST" name="jioHotstarPlayreResult" description="Playing multiple contents" data-provider="hotstarContentName" finished-at="2025-06-18T13:20:11 IST" duration-ms="67921" status="PASS">
          <params>
            <param index="0">
              <value>
                <![CDATA[Anupama]]>
              </value>
            </param>
          </params>
          <reporter-output>
          </reporter-output>
        </test-method> <!-- jioHotstarPlayreResult -->
        <test-method signature="adScreen()[pri:2, instance:Tests.HotstarPlayerScreenOutputs@41d426b5]" started-at="2025-06-18T13:20:11 IST" name="adScreen" finished-at="2025-06-18T13:20:15 IST" duration-ms="4102" status="FAIL">
          <exception class="java.lang.AssertionError">
            <message>
              <![CDATA[Unable to search the content expected [false] but found [true]]]>
            </message>
            <full-stacktrace>
              <![CDATA[java.lang.AssertionError: Unable to search the content expected [false] but found [true]
at org.testng.Assert.fail(Assert.java:111)
at org.testng.Assert.failNotEquals(Assert.java:1590)
at org.testng.Assert.assertFalse(Assert.java:79)
at Tests.HotstarPlayerScreenOutputs.adScreen(HotstarPlayerScreenOutputs.java:88)
at java.base/jdk.internal.reflect.NativeMethodAccessorImpl.invoke0(Native Method)
at java.base/jdk.internal.reflect.NativeMethodAccessorImpl.invoke(NativeMethodAccessorImpl.java:62)
at java.base/jdk.internal.reflect.DelegatingMethodAccessorImpl.invoke(DelegatingMethodAccessorImpl.java:43)
at java.base/java.lang.reflect.Method.invoke(Method.java:566)
at org.testng.internal.invokers.MethodInvocationHelper.invokeMethod(MethodInvocationHelper.java:141)
at org.testng.internal.invokers.TestInvoker.invokeMethod(TestInvoker.java:687)
at org.testng.internal.invokers.TestInvoker.invokeTestMethod(TestInvoker.java:230)
at org.testng.internal.invokers.MethodRunner.runInSequence(MethodRunner.java:63)
at org.testng.internal.invokers.TestInvoker$MethodInvocationAgent.invoke(TestInvoker.java:995)
at org.testng.internal.invokers.TestInvoker.invokeTestMethods(TestInvoker.java:203)
at org.testng.internal.invokers.TestMethodWorker.invokeTestMethods(TestMethodWorker.java:154)
at org.testng.internal.invokers.TestMethodWorker.run(TestMethodWorker.java:134)
at java.base/java.util.ArrayList.forEach(ArrayList.java:1540)
at org.testng.TestRunner.privateRun(TestRunner.java:741)
at org.testng.TestRunner.run(TestRunner.java:616)
at org.testng.SuiteRunner.runTest(SuiteRunner.java:421)
at org.testng.SuiteRunner.runSequentially(SuiteRunner.java:413)
at org.testng.SuiteRunner.privateRun(SuiteRunner.java:373)
at org.testng.SuiteRunner.run(SuiteRunner.java:312)
at org.testng.SuiteRunnerWorker.runSuite(SuiteRunnerWorker.java:52)
at org.testng.SuiteRunnerWorker.run(SuiteRunnerWorker.java:95)
at org.testng.TestNG.runSuitesSequentially(TestNG.java:1274)
at org.testng.TestNG.runSuitesLocally(TestNG.java:1208)
at org.testng.TestNG.runSuites(TestNG.java:1112)
at org.testng.TestNG.run(TestNG.java:1079)
at org.testng.remote.AbstractRemoteTestNG.run(AbstractRemoteTestNG.java:115)
at org.testng.remote.RemoteTestNG.initAndRun(RemoteTestNG.java:293)
at org.testng.remote.RemoteTestNG.main(RemoteTestNG.java:91)
]]>
            </full-stacktrace>
          </exception> <!-- java.lang.AssertionError -->
          <reporter-output>
          </reporter-output>
        </test-method> <!-- adScreen -->
        <test-method is-config="true" signature="tearDownapp()[pri:0, instance:Tests.HotstarPlayerScreenOutputs@41d426b5]" started-at="2025-06-18T13:20:18 IST" name="tearDownapp" finished-at="2025-06-18T13:20:18 IST" duration-ms="70" status="PASS">
          <reporter-output>
          </reporter-output>
        </test-method> <!-- tearDownapp -->
        <test-method is-config="true" signature="tearDown()[pri:0, instance:Tests.HotstarPlayerScreenOutputs@41d426b5]" started-at="2025-06-18T13:20:19 IST" name="tearDown" finished-at="2025-06-18T13:20:21 IST" duration-ms="1515" status="PASS">
          <reporter-output>
          </reporter-output>
        </test-method> <!-- tearDown -->
      </class> <!-- Tests.HotstarPlayerScreenOutputs -->
    </test> <!-- Test -->
  </suite> <!-- AllAppsTest -->
</testng-results>
